{"C:\\Users\\emily\\Lambda\\BetterProfessorApp\\knexfile.js": {"path":"C:\\Users\\emily\\Lambda\\BetterProfessorApp\\knexfile.js","statementMap":{"0":{"start":{"line":3,"column":0},"end":{"line":52,"column":2}},"1":{"start":{"line":18,"column":4},"end":{"line":18,"column":47}},"2":{"start":{"line":37,"column":4},"end":{"line":37,"column":47}}},"fnMap":{"0":{"name":"(anonymous_0)","decl":{"start":{"line":17,"column":16},"end":{"line":17,"column":17}},"loc":{"start":{"line":17,"column":32},"end":{"line":19,"column":4}},"line":17},"1":{"name":"(anonymous_1)","decl":{"start":{"line":36,"column":16},"end":{"line":36,"column":17}},"loc":{"start":{"line":36,"column":32},"end":{"line":38,"column":4}},"line":36}},"branchMap":{},"s":{"0":1,"1":1,"2":0},"f":{"0":1,"1":0},"b":{},"_coverageSchema":"43e27e138ebf9cfc5966b082cf9a028302ed4184","hash":"7d61910ea8dd70e15896b927bd246431a453fafa"}
,"C:\\Users\\emily\\Lambda\\BetterProfessorApp\\api\\users\\users-model.js": {"path":"C:\\Users\\emily\\Lambda\\BetterProfessorApp\\api\\users\\users-model.js","statementMap":{"0":{"start":{"line":1,"column":11},"end":{"line":1,"column":38}},"1":{"start":{"line":3,"column":0},"end":{"line":9,"column":2}},"2":{"start":{"line":12,"column":1},"end":{"line":12,"column":20}},"3":{"start":{"line":16,"column":1},"end":{"line":18,"column":11}},"4":{"start":{"line":22,"column":1},"end":{"line":24,"column":11}},"5":{"start":{"line":28,"column":1},"end":{"line":32,"column":5}},"6":{"start":{"line":31,"column":3},"end":{"line":31,"column":26}},"7":{"start":{"line":36,"column":1},"end":{"line":39,"column":30}}},"fnMap":{"0":{"name":"get","decl":{"start":{"line":11,"column":9},"end":{"line":11,"column":12}},"loc":{"start":{"line":11,"column":15},"end":{"line":13,"column":1}},"line":11},"1":{"name":"getById","decl":{"start":{"line":15,"column":9},"end":{"line":15,"column":16}},"loc":{"start":{"line":15,"column":21},"end":{"line":19,"column":1}},"line":15},"2":{"name":"getBy","decl":{"start":{"line":21,"column":9},"end":{"line":21,"column":14}},"loc":{"start":{"line":21,"column":23},"end":{"line":25,"column":1}},"line":21},"3":{"name":"insert","decl":{"start":{"line":27,"column":9},"end":{"line":27,"column":15}},"loc":{"start":{"line":27,"column":22},"end":{"line":33,"column":1}},"line":27},"4":{"name":"(anonymous_4)","decl":{"start":{"line":30,"column":8},"end":{"line":30,"column":9}},"loc":{"start":{"line":30,"column":15},"end":{"line":32,"column":3}},"line":30},"5":{"name":"getUserStudents","decl":{"start":{"line":35,"column":9},"end":{"line":35,"column":24}},"loc":{"start":{"line":35,"column":33},"end":{"line":40,"column":1}},"line":35}},"branchMap":{},"s":{"0":1,"1":1,"2":1,"3":5,"4":4,"5":3,"6":2,"7":0},"f":{"0":1,"1":5,"2":4,"3":3,"4":2,"5":0},"b":{},"_coverageSchema":"43e27e138ebf9cfc5966b082cf9a028302ed4184","hash":"98ec239edd090fe3a33ced4a504747dd5745ce6e"}
,"C:\\Users\\emily\\Lambda\\BetterProfessorApp\\data\\db.js": {"path":"C:\\Users\\emily\\Lambda\\BetterProfessorApp\\data\\db.js","statementMap":{"0":{"start":{"line":1,"column":13},"end":{"line":1,"column":28}},"1":{"start":{"line":2,"column":15},"end":{"line":2,"column":40}},"2":{"start":{"line":4,"column":14},"end":{"line":4,"column":49}},"3":{"start":{"line":6,"column":0},"end":{"line":6,"column":37}}},"fnMap":{},"branchMap":{"0":{"loc":{"start":{"line":4,"column":14},"end":{"line":4,"column":49}},"type":"binary-expr","locations":[{"start":{"line":4,"column":14},"end":{"line":4,"column":32}},{"start":{"line":4,"column":36},"end":{"line":4,"column":49}}],"line":4}},"s":{"0":1,"1":1,"2":1,"3":1},"f":{},"b":{"0":[1,1]},"_coverageSchema":"43e27e138ebf9cfc5966b082cf9a028302ed4184","hash":"b67cc36585c5251d8b547f4c78e2a1597e83bf2d"}
}
