TN:
SF:C:\Users\emily\Lambda\BetterProfessorApp\knexfile.js
FN:17,(anonymous_0)
FN:36,(anonymous_1)
FNF:2
FNH:1
FNDA:1,(anonymous_0)
FNDA:0,(anonymous_1)
DA:3,1
DA:18,1
DA:37,0
LF:3
LH:2
BRF:0
BRH:0
end_of_record
TN:
SF:C:\Users\emily\Lambda\BetterProfessorApp\api\users\users-model.js
FN:11,get
FN:15,getById
FN:21,getBy
FN:27,insert
FN:30,(anonymous_4)
FN:35,getUserStudents
FNF:6
FNH:5
FNDA:1,get
FNDA:5,getById
FNDA:4,getBy
FNDA:3,insert
FNDA:2,(anonymous_4)
FNDA:0,getUserStudents
DA:1,1
DA:3,1
DA:12,1
DA:16,5
DA:22,4
DA:28,3
DA:31,2
DA:36,0
LF:8
LH:7
BRF:0
BRH:0
end_of_record
TN:
SF:C:\Users\emily\Lambda\BetterProfessorApp\data\db.js
FNF:0
FNH:0
DA:1,1
DA:2,1
DA:4,1
DA:6,1
LF:4
LH:4
BRDA:4,0,0,1
BRDA:4,0,1,1
BRF:2
BRH:2
end_of_record
